This is pdfTeX, Version 3.1415926-1.40.10 (MiKTeX 2.8) (preloaded format=pdflatex 2010.10.3)  9 OCT 2010 12:10
entering extended mode
**C:/Users/els/workspaces/hszt/semesterarbeit/plannr/documentation/project-mana
gement/projektplan/00_projektplan.tex

(C:/Users/els/workspaces/hszt/semesterarbeit/plannr/documentation/project-manag
ement/projektplan/00_projektplan.tex
LaTeX2e <2009/09/24>
Babel <v3.8l> and hyphenation patterns for english, dumylang, nohyphenation, ge
rman, ngerman, german-x-2009-06-19, ngerman-x-2009-06-19, french, loaded.
("C:\Program Files (x86)\MiKTeX 2.8\tex\latex\base\book.cls"
Document Class: book 2007/10/19 v1.4h Standard LaTeX document class
("C:\Program Files (x86)\MiKTeX 2.8\tex\latex\base\bk11.clo"
File: bk11.clo 2007/10/19 v1.4h Standard LaTeX file (size option)
)
\c@part=\count79
\c@chapter=\count80
\c@section=\count81
\c@subsection=\count82
\c@subsubsection=\count83
\c@paragraph=\count84
\c@subparagraph=\count85
\c@figure=\count86
\c@table=\count87
\abovecaptionskip=\skip41
\belowcaptionskip=\skip42
\bibindent=\dimen102
)
("C:\Program Files (x86)\MiKTeX 2.8\tex\generic\babel\babel.sty"
Package: babel 2008/07/06 v3.8l The Babel package

*************************************
* Local config file bblopts.cfg used
*
("C:\Program Files (x86)\MiKTeX 2.8\tex\latex\00miktex\bblopts.cfg"
File: bblopts.cfg 2006/07/31 v1.0 MiKTeX 'babel' configuration
)
("C:\Program Files (x86)\MiKTeX 2.8\tex\generic\babel\germanb.ldf"
Language: germanb 2008/06/01 v2.6m German support from the babel system

("C:\Program Files (x86)\MiKTeX 2.8\tex\generic\babel\babel.def"
File: babel.def 2008/07/06 v3.8l Babel common definitions
\babel@savecnt=\count88
\U@D=\dimen103
)
\l@austrian = a dialect from \language\l@german 
Package babel Info: Making " an active character on input line 102.
)
("C:\Program Files (x86)\MiKTeX 2.8\tex\generic\babel\ngermanb.ldf"
Language: ngermanb 2008/07/06 v2.6n new German support from the babel system
\l@naustrian = a dialect from \language\l@ngerman 
))
("C:\Program Files (x86)\MiKTeX 2.8\tex\latex\graphics\graphicx.sty"
Package: graphicx 1999/02/16 v1.0f Enhanced LaTeX Graphics (DPC,SPQR)

("C:\Program Files (x86)\MiKTeX 2.8\tex\latex\graphics\keyval.sty"
Package: keyval 1999/03/16 v1.13 key=value parser (DPC)
\KV@toks@=\toks14
)
("C:\Program Files (x86)\MiKTeX 2.8\tex\latex\graphics\graphics.sty"
Package: graphics 2009/02/05 v1.0o Standard LaTeX Graphics (DPC,SPQR)

("C:\Program Files (x86)\MiKTeX 2.8\tex\latex\graphics\trig.sty"
Package: trig 1999/03/16 v1.09 sin cos tan (DPC)
)
("C:\Program Files (x86)\MiKTeX 2.8\tex\latex\00miktex\graphics.cfg"
File: graphics.cfg 2007/01/18 v1.5 graphics configuration of teTeX/TeXLive
)
Package graphics Info: Driver file: pdftex.def on input line 91.

("C:\Program Files (x86)\MiKTeX 2.8\tex\latex\pdftex-def\pdftex.def"
File: pdftex.def 2010/02/14 v0.04n Graphics/color for pdfTeX
\Gread@gobject=\count89
))
\Gin@req@height=\dimen104
\Gin@req@width=\dimen105
)
("C:\Program Files (x86)\MiKTeX 2.8\tex\latex\graphics\lscape.sty"
Package: lscape 2000/10/22 v3.01 Landscape Pages (DPC)
)
(C:\Users\els\workspaces\hszt\semesterarbeit\plannr\documentation\project-manag
ement\projektplan\00_projektplan.aux)
LaTeX Font Info:    Checking defaults for OML/cmm/m/it on input line 23.
LaTeX Font Info:    ... okay on input line 23.
LaTeX Font Info:    Checking defaults for T1/cmr/m/n on input line 23.
LaTeX Font Info:    ... okay on input line 23.
LaTeX Font Info:    Checking defaults for OT1/cmr/m/n on input line 23.
LaTeX Font Info:    ... okay on input line 23.
LaTeX Font Info:    Checking defaults for OMS/cmsy/m/n on input line 23.
LaTeX Font Info:    ... okay on input line 23.
LaTeX Font Info:    Checking defaults for OMX/cmex/m/n on input line 23.
LaTeX Font Info:    ... okay on input line 23.
LaTeX Font Info:    Checking defaults for U/cmr/m/n on input line 23.
LaTeX Font Info:    ... okay on input line 23.

("C:\Program Files (x86)\MiKTeX 2.8\tex\context\base\supp-pdf.tex"
[Loading MPS to PDF converter (version 2006.09.02).]
\scratchcounter=\count90
\scratchdimen=\dimen106
\scratchbox=\box26
\nofMPsegments=\count91
\nofMParguments=\count92
\everyMPshowfont=\toks15
\MPscratchCnt=\count93
\MPscratchDim=\dimen107
\MPnumerator=\count94
\everyMPtoPDFconversion=\toks16
)
(C:\Users\els\workspaces\hszt\semesterarbeit\plannr\documentation\project-manag
ement\projektplan\titlepage.tex
LaTeX Font Info:    External font `cmex10' loaded for size
(Font)              <10.95> on input line 15.
LaTeX Font Info:    External font `cmex10' loaded for size
(Font)              <8> on input line 15.
LaTeX Font Info:    External font `cmex10' loaded for size
(Font)              <6> on input line 15.
 [1


{C:/Users/els/AppData/Local/MiKTeX/2.8/pdftex/config/pdftex.map}]) [2

]
(C:\Users\els\workspaces\hszt\semesterarbeit\plannr\documentation\project-manag
ement\projektplan\00_projektplan.toc [3])
\tf@toc=\write3
 [4]
(C:\Users\els\workspaces\hszt\semesterarbeit\plannr\documentation\project-manag
ement\projektplan\00_projektplan.lof)
\tf@lof=\write4

(C:\Users\els\workspaces\hszt\semesterarbeit\plannr\documentation\project-manag
ement\projektplan\einleitung.tex [5

] [6

]
Overfull \hbox (41.37874pt too wide) in paragraph at lines 2--3
\OT1/cmr/m/n/10.95 Im Rah-men ei-ner Se-mes-ter-ar-beit ver-su-che ich als Ba-s
is zu ei-nem Ressourcenplanungs-
 []

[7] [8

]
Kapitel 1.
LaTeX Font Info:    External font `cmex10' loaded for size
(Font)              <24.88> on input line 4.
LaTeX Font Info:    External font `cmex10' loaded for size
(Font)              <20.74> on input line 4.
LaTeX Font Info:    External font `cmex10' loaded for size
(Font)              <17.28> on input line 4.
LaTeX Font Info:    External font `cmex10' loaded for size
(Font)              <9> on input line 4.
LaTeX Font Info:    External font `cmex10' loaded for size
(Font)              <5> on input line 4.
[9] [10])
(C:\Users\els\workspaces\hszt\semesterarbeit\plannr\documentation\project-manag
ement\projektplan\ubiquitous_language.tex [11] [12]
Kapitel 2.

Underfull \hbox (badness 10000) in paragraph at lines 6--6
[]\OT1/cmr/m/n/10.95 Webapplikationen be-ste-hen grob ge-sagt aus
 []


Underfull \hbox (badness 10000) in paragraph at lines 6--6
\OT1/cmr/m/n/10.95 Pr[]asentationslogik und Busi-ness-lo-gik - zwei-tes
 []


Underfull \hbox (badness 10000) in paragraph at lines 7--7
[]\OT1/cmr/m/n/10.95 Webapplikationen be-ste-hen grob ge-sagt aus
 []

)
(C:\Users\els\workspaces\hszt\semesterarbeit\plannr\documentation\project-manag
ement\projektplan\projektorganisation.tex
Overfull \hbox (33.88582pt too wide) in paragraph at lines 2--1
[]
 []


Underfull \hbox (badness 10000) in paragraph at lines 2--1

 []

[13

] [14

]
Kapitel 3.

Overfull \hbox (8.58955pt too wide) in paragraph at lines 4--5
\OT1/cmr/m/n/10.95 Im Or-ga-ni-gramm wird ver-such, die klas-si-schen Rol-len e
i-nes Software-Projektes
 []

<orgchart/Slide1.jpg, id=57, 454.69875pt x 284.06125pt>
File: orgchart/Slide1.jpg Graphic file (type jpg)

<use orgchart/Slide1.jpg>
Overfull \hbox (4.37004pt too wide) in paragraph at lines 8--9
 [][] 
 []

[15 <C:/Users/els/workspaces/hszt/semesterarbeit/plannr/documentation/project-m
anagement/projektplan/orgchart/Slide1.jpg>])
(C:\Users\els\workspaces\hszt\semesterarbeit\plannr\documentation\project-manag
ement\projektplan\stakeholderanalyse.tex [16]
Kapitel 4.

Underfull \hbox (badness 10000) in paragraph at lines 4--5

 []


Underfull \hbox (badness 10000) in paragraph at lines 8--8
[]\OT1/cmr/m/n/10.95 Wichtigkeit
 []


Underfull \hbox (badness 10000) in paragraph at lines 12--13
[]\OT1/cmr/m/n/10.95 Guter In-for-ma-ti-ons-
 []

)
(C:\Users\els\workspaces\hszt\semesterarbeit\plannr\documentation\project-manag
ement\projektplan\risikoanalyse.tex
Overfull \hbox (74.8858pt too wide) in paragraph at lines 6--1
[][]
 []


Underfull \hbox (badness 10000) in paragraph at lines 6--1

 []

[17

] [18

]
Kapitel 5.

Underfull \hbox (badness 10000) in paragraph at lines 3--4

 []

[19]
Underfull \hbox (badness 10000) in paragraph at lines 10--10
[]\OT1/cmr/m/n/10.95 Eintritts-
 []


Overfull \hbox (2.94139pt too wide) in paragraph at lines 10--10
\OT1/cmr/m/n/10.95 wahrscheinlichkeik| 
 []


Underfull \hbox (badness 10000) in paragraph at lines 12--12
[]\OT1/cmr/m/n/10.95 Optimistischer
 []


Underfull \hbox (badness 10000) in paragraph at lines 12--13
[]\OT1/cmr/m/n/10.95 Projektrapportierung, []Anderung
 []


Underfull \hbox (badness 10000) in paragraph at lines 14--14
[]\OT1/cmr/m/n/10.95 Fehlende, un-
 []


Underfull \hbox (badness 10000) in paragraph at lines 14--14
\OT1/cmr/m/n/10.95 gen[]ugende Res-
 []


Underfull \hbox (badness 10000) in paragraph at lines 16--16
[]\OT1/cmr/m/n/10.95 Terminverzug
 []


Overfull \hbox (30.74933pt too wide) in paragraph at lines 8--21
[] 
 []


Underfull \hbox (badness 10000) in paragraph at lines 25--25
[]\OT1/cmr/m/n/10.95 Eintritts-
 []


Overfull \hbox (2.94139pt too wide) in paragraph at lines 25--25
\OT1/cmr/m/n/10.95 wahrscheinlichkeik| 
 []


Overfull \hbox (4.736pt too wide) in paragraph at lines 29--29
[]\OT1/cmr/m/n/10.95 Aufwandsch[]atzung| 
 []


Overfull \hbox (30.74933pt too wide) in paragraph at lines 23--32
[] 
 []


Underfull \hbox (badness 10000) in paragraph at lines 36--36
[]\OT1/cmr/m/n/10.95 Eintritts-
 []


Overfull \hbox (2.94139pt too wide) in paragraph at lines 36--36
\OT1/cmr/m/n/10.95 wahrscheinlichkeik| 
 []


Underfull \hbox (badness 10000) in paragraph at lines 38--38
[]\OT1/cmr/m/n/10.95 Subjektive Per-
 []


Underfull \hbox (badness 10000) in paragraph at lines 38--38
\OT1/cmr/m/n/10.95 spek-ti-ve des
 []


Underfull \hbox (badness 10000) in paragraph at lines 40--40
[]\OT1/cmr/m/n/10.95 Team-
 []


Overfull \hbox (0.53851pt too wide) in paragraph at lines 40--40
\OT1/cmr/m/n/10.95 zusammensetzung| 
 []


Underfull \hbox (badness 7168) in paragraph at lines 42--42
[]\OT1/cmr/m/n/10.95 Fehlendes Know
 []


Overfull \hbox (30.74933pt too wide) in paragraph at lines 34--47
[] 
 []

[20

]
Underfull \hbox (badness 10000) in paragraph at lines 51--51
[]\OT1/cmr/m/n/10.95 Eintritts-
 []


Overfull \hbox (2.94139pt too wide) in paragraph at lines 51--51
\OT1/cmr/m/n/10.95 wahrscheinlichkeik| 
 []


Underfull \hbox (badness 4217) in paragraph at lines 53--54
[]\OT1/cmr/m/n/10.95 Gr[]undliche Eva-lua-ti-on des Lift-
 []


Underfull \hbox (badness 10000) in paragraph at lines 53--54
\OT1/cmr/m/n/10.95 Webframeworks, Kri-te-ri-en-ka-ta-log
 []


Underfull \hbox (badness 1303) in paragraph at lines 55--55
[]\OT1/cmr/m/n/10.95 Mangelhafte Lie-
 []


Overfull \hbox (30.74933pt too wide) in paragraph at lines 49--58
[] 
 []

[21])
(C:\Users\els\workspaces\hszt\semesterarbeit\plannr\documentation\project-manag
ement\projektplan\requirements_engineering.tex [22


]
Kapitel 6.
<orgchart/reqeng_usecase.png, id=83, 580.1675pt x 417.56pt>
File: orgchart/reqeng_usecase.png Graphic file (type png)

<use orgchart/reqeng_usecase.png>
Overfull \hbox (35.34967pt too wide) in paragraph at lines 10--11
 [][] 
 []


LaTeX Warning: `h' float specifier changed to `ht'.

[23]
Overfull \hbox (15.12923pt too wide) in paragraph at lines 24--25
\OT1/cmr/m/n/10.95 Die vom Mit-ar-bei-ter er-fass-ten Fe-ri-en k[]onnen durch d
en Ad-mi-nis-tra-tor bez[]uglich
 []

LaTeX Font Info:    Try loading font information for OMS+cmr on input line 26.
("C:\Program Files (x86)\MiKTeX 2.8\tex\latex\base\omscmr.fd"
File: omscmr.fd 1999/05/25 v2.5h Standard LaTeX font definitions
)
LaTeX Font Info:    Font shape `OMS/cmr/m/n' in size <10.95> not available
(Font)              Font shape `OMS/cmsy/m/n' tried instead on input line 26.
 [24 <C:/Users/els/workspaces/hszt/semesterarbeit/plannr/documentation/project-
management/projektplan/orgchart/reqeng_usecase.png (PNG copy)>])
(C:\Users\els\workspaces\hszt\semesterarbeit\plannr\documentation\project-manag
ement\projektplan\estimation.tex [25] [26]
Kapitel 7.
)
(C:\Users\els\workspaces\hszt\semesterarbeit\plannr\documentation\project-manag
ement\projektplan\projektplanung.tex
Overfull \hbox (3.20667pt too wide) in paragraph at lines 13--1
[] 
 []


Underfull \hbox (badness 10000) in paragraph at lines 13--1

 []


Underfull \vbox (badness 10000) has occurred while \output is active []

 [27

]
[28]
Kapitel 8.

Underfull \hbox (badness 10000) in paragraph at lines 5--5
[]\OT1/cmr/m/n/10.95 Milestone-
 []


Overfull \hbox (1.51381pt too wide) in paragraph at lines 7--7
[]\OT1/cmr/m/n/10.95 25.02.2010| 
 []


Overfull \hbox (0.78186pt too wide) in paragraph at lines 7--7
[]\OT1/cmr/m/n/10.95 Aufgabenstellung,
 []


Underfull \hbox (badness 10000) in paragraph at lines 9--9
[]\OT1/cmr/m/n/10.95 Evaluation Fra-me-
 []


Overfull \hbox (1.51381pt too wide) in paragraph at lines 9--9
[]\OT1/cmr/m/n/10.95 11.03.2010| 
 []


Overfull \hbox (1.51381pt too wide) in paragraph at lines 9--9
[]\OT1/cmr/m/n/10.95 07.04.2010| 
 []


Underfull \hbox (badness 2245) in paragraph at lines 9--9
[]\OT1/cmr/m/n/10.95 Framework Ana-
 []


Underfull \hbox (badness 1867) in paragraph at lines 9--9
\OT1/cmr/m/n/10.95 ly-se Do-ku-men-ta-
 []


Overfull \hbox (1.51381pt too wide) in paragraph at lines 11--11
[]\OT1/cmr/m/n/10.95 08.04.2010| 
 []


Overfull \hbox (1.51381pt too wide) in paragraph at lines 11--11
[]\OT1/cmr/m/n/10.95 09.04.2010| 
 []


Underfull \hbox (badness 2894) in paragraph at lines 11--12
\OT1/cmr/m/n/10.95 vi-ron-ment un-der
 []


Overfull \hbox (1.51381pt too wide) in paragraph at lines 13--13
[]\OT1/cmr/m/n/10.95 14.04.2010| 
 []


Overfull \hbox (1.51381pt too wide) in paragraph at lines 13--13
[]\OT1/cmr/m/n/10.95 15.06.2010| 
 []


Underfull \hbox (badness 10000) in paragraph at lines 13--13
[]\OT1/cmr/m/n/10.95 Review Do-cu-
 []


Overfull \hbox (1.51381pt too wide) in paragraph at lines 15--15
[]\OT1/cmr/m/n/10.95 16.06.2010| 
 []


Overfull \hbox (1.51381pt too wide) in paragraph at lines 15--15
[]\OT1/cmr/m/n/10.95 17.08.2010| 
 []


Underfull \hbox (badness 10000) in paragraph at lines 15--15
[]\OT1/cmr/m/n/10.95 Review Do-cu-
 []


Underfull \hbox (badness 10000) in paragraph at lines 15--16
[]\OT1/cmr/m/n/10.95 Source Co-de,
 []


Underfull \hbox (badness 4765) in paragraph at lines 15--16
\OT1/cmr/m/n/10.95 Tests, Test Re-
 []


Overfull \hbox (1.51381pt too wide) in paragraph at lines 17--17
[]\OT1/cmr/m/n/10.95 18.08.2010| 
 []


Overfull \hbox (1.51381pt too wide) in paragraph at lines 17--17
[]\OT1/cmr/m/n/10.95 19.08.2010| 
 []


Underfull \hbox (badness 10000) in paragraph at lines 19--19
[]\OT1/cmr/m/n/10.95 Dokumentation,
 []


Underfull \hbox (badness 10000) in paragraph at lines 19--19
\OT1/cmr/m/n/10.95 Ab-schluss-ar-bei-
 []


Underfull \hbox (badness 10000) in paragraph at lines 19--19
\OT1/cmr/m/n/10.95 ten, Pr[]asentation,
 []


Overfull \hbox (1.51381pt too wide) in paragraph at lines 19--19
[]\OT1/cmr/m/n/10.95 20.08.2010| 
 []


Overfull \hbox (1.51381pt too wide) in paragraph at lines 19--19
[]\OT1/cmr/m/n/10.95 03.09.2010| 
 []


Underfull \hbox (badness 10000) in paragraph at lines 19--19
[]\OT1/cmr/m/n/10.95 Dokumentation,
 []


Overfull \hbox (69.88577pt too wide) in paragraph at lines 3--24
[] 
 []


Overfull \hbox (17.43306pt too wide) in paragraph at lines 27--42
[] 
 []


Underfull \vbox (badness 10000) has occurred while \output is active []

 [29

]
[30]
<orgchart/projectplanning_msproject.png, id=111, 633.86812pt x 376.40625pt>
File: orgchart/projectplanning_msproject.png Graphic file (type png)

<use orgchart/projectplanning_msproject.png>
Overfull \hbox (33.61198pt too wide) in paragraph at lines 56--57
 [][] 
 []


LaTeX Warning: Float too large for page by 7.77055pt on input line 58.


LaTeX Warning: `h' float specifier changed to `ht'.

[31

] [32 <C:/Users/els/workspaces/hszt/semesterarbeit/plannr/documentation/project
-management/projektplan/orgchart/projectplanning_msproject.png (PNG copy)>])
(C:\Users\els\workspaces\hszt\semesterarbeit\plannr\documentation\project-manag
ement\projektplan\projektkosten.tex [33

] [34

]
Kapitel 9.
)
(C:\Users\els\workspaces\hszt\semesterarbeit\plannr\documentation\project-manag
ement\projektplan\projektrapportierung.tex
Overfull \hbox (0.49884pt too wide) in paragraph at lines 2--1
\OT1/cmr/m/n/10.95 Projektkosten (Bud-get, Kal-ku-la-ti-ons-art) wer-den f[]ur 
die Se-mes-ter-ar-beit nicht
 []

[35] [36

]
Kapitel 10.
)
(C:\Users\els\workspaces\hszt\semesterarbeit\plannr\documentation\project-manag
ement\projektplan\projektabschluss.tex [37] [38

]
Kapitel 11.
)
(C:\Users\els\workspaces\hszt\semesterarbeit\plannr\documentation\project-manag
ement\projektplan\qualitaetssicherung.tex [39] [40

]
Kapitel 12.
Missing character: There is no Š in font cmr10!

Overfull \hbox (2.68869pt too wide) in paragraph at lines 12--13
\OT1/cmr/m/n/10.95 nach Feh-ler-mus-tern sucht. Sol-che Feh-ler-mus-ter deu-ten
 meist auf tatsch-
 []

[41]
Overfull \hbox (6.88635pt too wide) in paragraph at lines 13--14
\OT1/cmr/m/n/10.95 Aus-dr[]ucke, Sub-op-ti-ma-ler Co-de, Klas-sen mit ho-her zy
-klo-ma-ti-scher Kom-
 []

)
(C:\Users\els\workspaces\hszt\semesterarbeit\plannr\documentation\project-manag
ement\projektplan\literaturverzeichnis.tex [42]) [43

]
(C:\Users\els\workspaces\hszt\semesterarbeit\plannr\documentation\project-manag
ement\projektplan\00_projektplan.aux) ) 
Here is how much of TeX's memory you used:
 1469 strings out of 495285
 23040 string characters out of 3179884
 80225 words of memory out of 3000000
 4635 multiletter control sequences out of 15000+200000
 14415 words of font info for 49 fonts, out of 3000000 for 9000
 14 hyphenation exceptions out of 8191
 29i,16n,24p,738b,256s stack positions out of 5000i,500n,10000p,200000b,50000s
<C:/Program Files (x86)/MiKTeX 2.8/fonts
/type1/public/amsfonts/cm/cmbx10.pfb><C:/Program Files (x86)/MiKTeX 2.8/fonts/t
ype1/public/amsfonts/cm/cmbx12.pfb><C:/Program Files (x86)/MiKTeX 2.8/fonts/typ
e1/public/amsfonts/cm/cmcsc10.pfb><C:/Program Files (x86)/MiKTeX 2.8/fonts/type
1/public/amsfonts/cm/cmr10.pfb><C:/Program Files (x86)/MiKTeX 2.8/fonts/type1/p
ublic/amsfonts/cm/cmr12.pfb><C:/Program Files (x86)/MiKTeX 2.8/fonts/type1/publ
ic/amsfonts/cm/cmr17.pfb><C:/Program Files (x86)/MiKTeX 2.8/fonts/type1/public/
amsfonts/cm/cmr6.pfb><C:/Program Files (x86)/MiKTeX 2.8/fonts/type1/public/amsf
onts/cm/cmr8.pfb><C:/Program Files (x86)/MiKTeX 2.8/fonts/type1/public/amsfonts
/cm/cmr9.pfb><C:/Program Files (x86)/MiKTeX 2.8/fonts/type1/public/amsfonts/cm/
cmsl10.pfb><C:/Program Files (x86)/MiKTeX 2.8/fonts/type1/public/amsfonts/cm/cm
sy10.pfb><C:/Program Files (x86)/MiKTeX 2.8/fonts/type1/public/amsfonts/cm/cmti
10.pfb><C:/Program Files (x86)/MiKTeX 2.8/fonts/type1/public/amsfonts/cm/cmti12
.pfb>
Output written on 00_projektplan.pdf (43 pages, 368863 bytes).
PDF statistics:
 197 PDF objects out of 1000 (max. 8388607)
 0 named destinations out of 1000 (max. 500000)
 16 words of extra memory for PDF output out of 10000 (max. 10000000)

